-------------------------------------------------------------------------------
Test set: com.in28minutes.microservices.currencyexchangeservice.CurrencyExchangeServiceApplicationTests
-------------------------------------------------------------------------------
Tests run: 1, Failures: 0, Errors: 1, Skipped: 0, Time elapsed: 1.771 s <<< FAILURE! - in com.in28minutes.microservices.currencyexchangeservice.CurrencyExchangeServiceApplicationTests
initializationError(com.in28minutes.microservices.currencyexchangeservice.CurrencyExchangeServiceApplicationTests)  Time elapsed: 0.014 s  <<< ERROR!
java.lang.IllegalStateException: Unable to find a @SpringBootConfiguration, you need to use @ContextConfiguration or @SpringBootTest(classes=...) with your test

