<?xml version="1.0" encoding="UTF-8"?>
<testsuite xmlns:xsi="http://www.w3.org/2001/XMLSchema-instance" xsi:noNamespaceSchemaLocation="https://maven.apache.org/surefire/maven-surefire-plugin/xsd/surefire-test-report.xsd" name="com.in28minutes.microservices.currencyconversionservice.CurrencyConversionServiceApplicationTests" time="1.516" tests="1" errors="1" skipped="0" failures="0">
  <properties>
[...]
</properties>
  <testcase name="initializationError" classname="com.in28minutes.microservices.currencyconversionservice.CurrencyConversionServiceApplicationTests" time="0.017">
    <error message="Unable to find a @SpringBootConfiguration, you need to use @ContextConfiguration or @SpringBootTest(classes=...) with your test" type="java.lang.IllegalStateException">java.lang.IllegalStateException: Unable to find a @SpringBootConfiguration, you need to use @ContextConfiguration or @SpringBootTest(classes=...) with your test
</error>
    <system-out><![CDATA[14:47:49.076 [main] DEBUG org.springframework.test.context.junit4.SpringJUnit4ClassRunner - SpringJUnit4ClassRunner constructor called with [class com.in28minutes.microservices.currencyconversionservice.CurrencyConversionServiceApplicationTests]
14:47:49.094 [main] DEBUG org.springframework.test.context.BootstrapUtils - Instantiating CacheAwareContextLoaderDelegate from class [org.springframework.test.context.cache.DefaultCacheAwareContextLoaderDelegate]
14:47:49.121 [main] DEBUG org.springframework.test.context.BootstrapUtils - Instantiating BootstrapContext using constructor [public org.springframework.test.context.support.DefaultBootstrapContext(java.lang.Class,org.springframework.test.context.CacheAwareContextLoaderDelegate)]
14:47:49.154 [main] DEBUG org.springframework.test.context.BootstrapUtils - Instantiating TestContextBootstrapper for test class [com.in28minutes.microservices.currencyconversionservice.CurrencyConversionServiceApplicationTests] from class [org.springframework.boot.test.context.SpringBootTestContextBootstrapper]
14:47:49.190 [main] INFO org.springframework.boot.test.context.SpringBootTestContextBootstrapper - Neither @ContextConfiguration nor @ContextHierarchy found for test class [com.in28minutes.microservices.currencyconversionservice.CurrencyConversionServiceApplicationTests], using SpringBootContextLoader
14:47:49.199 [main] DEBUG org.springframework.test.context.support.AbstractContextLoader - Did not detect default resource location for test class [com.in28minutes.microservices.currencyconversionservice.CurrencyConversionServiceApplicationTests]: class path resource [com/in28minutes/microservices/currencyconversionservice/CurrencyConversionServiceApplicationTests-context.xml] does not exist
14:47:49.200 [main] DEBUG org.springframework.test.context.support.AbstractContextLoader - Did not detect default resource location for test class [com.in28minutes.microservices.currencyconversionservice.CurrencyConversionServiceApplicationTests]: class path resource [com/in28minutes/microservices/currencyconversionservice/CurrencyConversionServiceApplicationTestsContext.groovy] does not exist
14:47:49.201 [main] INFO org.springframework.test.context.support.AbstractContextLoader - Could not detect default resource locations for test class [com.in28minutes.microservices.currencyconversionservice.CurrencyConversionServiceApplicationTests]: no resource found for suffixes {-context.xml, Context.groovy}.
14:47:49.203 [main] INFO org.springframework.test.context.support.AnnotationConfigContextLoaderUtils - Could not detect default configuration classes for test class [com.in28minutes.microservices.currencyconversionservice.CurrencyConversionServiceApplicationTests]: CurrencyConversionServiceApplicationTests does not declare any static, non-private, non-final, nested classes annotated with @Configuration.
14:47:49.337 [main] DEBUG org.springframework.test.context.support.ActiveProfilesUtils - Could not find an 'annotation declaring class' for annotation type [org.springframework.test.context.ActiveProfiles] and class [com.in28minutes.microservices.currencyconversionservice.CurrencyConversionServiceApplicationTests]
14:47:49.354 [main] DEBUG org.springframework.core.env.StandardEnvironment - Adding PropertySource 'systemProperties' with lowest search precedence
14:47:49.355 [main] DEBUG org.springframework.core.env.StandardEnvironment - Adding PropertySource 'systemEnvironment' with lowest search precedence
14:47:49.355 [main] DEBUG org.springframework.core.env.StandardEnvironment - Initialized StandardEnvironment with PropertySources [MapPropertySource@1131040331 {name='systemProperties', properties={java.runtime.name=Java(TM) SE Runtime Environment, sun.boot.library.path=C:\Program Files\Java\jdk1.8.0_92\jre\bin, java.vm.version=25.92-b14, java.vm.vendor=Oracle Corporation, java.vendor.url=http://java.oracle.com/, path.separator=;, java.vm.name=Java HotSpot(TM) 64-Bit Server VM, file.encoding.pkg=sun.io, user.country=IN, user.script=, sun.java.launcher=SUN_STANDARD, sun.os.patch.level=, java.vm.specification.name=Java Virtual Machine Specification, user.dir=G:\Microservices-workspace-2019\microservices-in28mnt-by-shail\currency-conversion-service, java.runtime.version=1.8.0_92-b14, basedir=G:\Microservices-workspace-2019\microservices-in28mnt-by-shail\currency-conversion-service, java.awt.graphicsenv=sun.awt.Win32GraphicsEnvironment, java.endorsed.dirs=C:\Program Files\Java\jdk1.8.0_92\jre\lib\endorsed, os.arch=amd64, surefire.real.class.path=C:\Users\91959\AppData\Local\Temp\surefire3444530628189920935\surefirebooter3557737789237799017.jar, java.io.tmpdir=C:\Users\91959\AppData\Local\Temp\, line.separator=
, java.vm.specification.vendor=Oracle Corporation, user.variant=, os.name=Windows 10, sun.jnu.encoding=Cp1252, java.library.path=C:\Program Files\Java\jdk1.8.0_92\jre\bin;C:\Windows\Sun\Java\bin;C:\Windows\system32;C:\Windows;C:/Program Files/Java/jre1.8.0_92/bin/server;C:/Program Files/Java/jre1.8.0_92/bin;C:/Program Files/Java/jre1.8.0_92/lib/amd64;C:\ProgramData\Oracle\Java\javapath;C:\Windows\system32;C:\Windows;C:\Windows\System32\Wbem;C:\Windows\System32\WindowsPowerShell\v1.0\;C:\Windows\System32\OpenSSH\;C:\Program Files (x86)\Microsoft VS Code\bin;C:\Program Files\nodejs\;C:\Program Files\Git\cmd;C:\Users\91959\AppData\Local\Microsoft\WindowsApps;;C:\Program Files (x86)\Microsoft VS Code\bin;C:\Users\91959\AppData\Roaming\npm;E:\Java Soft\EDITORs\eclipse-jee-neon-3-win32-x86_64\eclipse;;., surefire.test.class.path=G:\Microservices-workspace-2019\microservices-in28mnt-by-shail\currency-conversion-service\target\test-classes;G:\Microservices-workspace-2019\microservices-in28mnt-by-shail\currency-conversion-service\target\classes;C:\Users\91959\.m2\repository\org\springframework\cloud\spring-cloud-starter-config\2.0.0.M8\spring-cloud-starter-config-2.0.0.M8.jar;C:\Users\91959\.m2\repository\org\springframework\cloud\spring-cloud-starter\2.0.0.M8\spring-cloud-starter-2.0.0.M8.jar;C:\Users\91959\.m2\repository\org\springframework\cloud\spring-cloud-context\2.0.0.M8\spring-cloud-context-2.0.0.M8.jar;C:\Users\91959\.m2\repository\org\springframework\security\spring-security-rsa\1.0.5.RELEASE\spring-security-rsa-1.0.5.RELEASE.jar;C:\Users\91959\.m2\repository\org\bouncycastle\bcpkix-jdk15on\1.56\bcpkix-jdk15on-1.56.jar;C:\Users\91959\.m2\repository\org\bouncycastle\bcprov-jdk15on\1.56\bcprov-jdk15on-1.56.jar;C:\Users\91959\.m2\repository\org\springframework\cloud\spring-cloud-config-client\2.0.0.M8\spring-cloud-config-client-2.0.0.M8.jar;C:\Users\91959\.m2\repository\org\springframework\boot\spring-boot-autoconfigure\2.0.0.RELEASE\spring-boot-autoconfigure-2.0.0.RELEASE.jar;C:\Users\91959\.m2\repository\com\fasterxml\jackson\core\jackson-annotations\2.9.0\jackson-annotations-2.9.0.jar;C:\Users\91959\.m2\repository\com\fasterxml\jackson\core\jackson-databind\2.9.3\jackson-databind-2.9.3.jar;C:\Users\91959\.m2\repository\com\fasterxml\jackson\core\jackson-core\2.9.3\jackson-core-2.9.3.jar;C:\Users\91959\.m2\repository\org\springframework\cloud\spring-cloud-starter-openfeign\2.0.0.M1\spring-cloud-starter-openfeign-2.0.0.M1.jar;C:\Users\91959\.m2\repository\org\springframework\cloud\spring-cloud-openfeign-core\2.0.0.M1\spring-cloud-openfeign-core-2.0.0.M1.jar;C:\Users\91959\.m2\repository\org\springframework\spring-web\5.0.4.RELEASE\spring-web-5.0.4.RELEASE.jar;C:\Users\91959\.m2\repository\org\springframework\spring-beans\5.0.4.RELEASE\spring-beans-5.0.4.RELEASE.jar;C:\Users\91959\.m2\repository\org\springframework\cloud\spring-cloud-commons\2.0.0.M8\spring-cloud-commons-2.0.0.M8.jar;C:\Users\91959\.m2\repository\org\springframework\security\spring-security-crypto\5.0.3.RELEASE\spring-security-crypto-5.0.3.RELEASE.jar;C:\Users\91959\.m2\repository\org\apache\httpcomponents\httpclient\4.5.5\httpclient-4.5.5.jar;C:\Users\91959\.m2\repository\org\apache\httpcomponents\httpcore\4.4.9\httpcore-4.4.9.jar;C:\Users\91959\.m2\repository\commons-codec\commons-codec\1.11\commons-codec-1.11.jar;C:\Users\91959\.m2\repository\io\github\openfeign\feign-core\9.5.1\feign-core-9.5.1.jar;C:\Users\91959\.m2\repository\io\github\openfeign\feign-slf4j\9.5.1\feign-slf4j-9.5.1.jar;C:\Users\91959\.m2\repository\org\slf4j\slf4j-api\1.7.25\slf4j-api-1.7.25.jar;C:\Users\91959\.m2\repository\io\github\openfeign\feign-hystrix\9.5.1\feign-hystrix-9.5.1.jar;C:\Users\91959\.m2\repository\com\netflix\archaius\archaius-core\0.7.5\archaius-core-0.7.5.jar;C:\Users\91959\.m2\repository\com\google\code\findbugs\jsr305\3.0.1\jsr305-3.0.1.jar;C:\Users\91959\.m2\repository\com\netflix\hystrix\hystrix-core\1.5.12\hystrix-core-1.5.12.jar;C:\Users\91959\.m2\repository\org\hdrhistogram\HdrHistogram\2.1.9\HdrHistogram-2.1.9.jar;C:\Users\91959\.m2\repository\io\github\openfeign\feign-java8\9.5.1\feign-java8-9.5.1.jar;C:\Users\91959\.m2\repository\org\springframework\cloud\spring-cloud-starter-netflix-archaius\2.0.0.M7\spring-cloud-starter-netflix-archaius-2.0.0.M7.jar;C:\Users\91959\.m2\repository\org\springframework\cloud\spring-cloud-netflix-archaius\2.0.0.M7\spring-cloud-netflix-archaius-2.0.0.M7.jar;C:\Users\91959\.m2\repository\commons-configuration\commons-configuration\1.8\commons-configuration-1.8.jar;C:\Users\91959\.m2\repository\com\google\guava\guava\18.0\guava-18.0.jar;C:\Users\91959\.m2\repository\org\springframework\cloud\spring-cloud-starter-sleuth\2.0.0.M7\spring-cloud-starter-sleuth-2.0.0.M7.jar;C:\Users\91959\.m2\repository\org\springframework\boot\spring-boot-starter-aop\2.0.0.RELEASE\spring-boot-starter-aop-2.0.0.RELEASE.jar;C:\Users\91959\.m2\repository\org\springframework\spring-aop\5.0.4.RELEASE\spring-aop-5.0.4.RELEASE.jar;C:\Users\91959\.m2\repository\org\aspectj\aspectjweaver\1.8.13\aspectjweaver-1.8.13.jar;C:\Users\91959\.m2\repository\org\springframework\cloud\spring-cloud-sleuth-core\2.0.0.M7\spring-cloud-sleuth-core-2.0.0.M7.jar;C:\Users\91959\.m2\repository\org\springframework\spring-context\5.0.4.RELEASE\spring-context-5.0.4.RELEASE.jar;C:\Users\91959\.m2\repository\org\aspectj\aspectjrt\1.8.13\aspectjrt-1.8.13.jar;C:\Users\91959\.m2\repository\io\zipkin\brave\brave\4.16.1\brave-4.16.1.jar;C:\Users\91959\.m2\repository\io\zipkin\brave\brave-context-log4j2\4.16.1\brave-context-log4j2-4.16.1.jar;C:\Users\91959\.m2\repository\io\zipkin\brave\brave-instrumentation-spring-web\4.16.1\brave-instrumentation-spring-web-4.16.1.jar;C:\Users\91959\.m2\repository\io\zipkin\brave\brave-instrumentation-http\4.16.1\brave-instrumentation-http-4.16.1.jar;C:\Users\91959\.m2\repository\io\zipkin\brave\brave-instrumentation-spring-webmvc\4.16.1\brave-instrumentation-spring-webmvc-4.16.1.jar;C:\Users\91959\.m2\repository\io\zipkin\brave\brave-instrumentation-servlet\4.16.1\brave-instrumentation-servlet-4.16.1.jar;C:\Users\91959\.m2\repository\org\springframework\cloud\spring-cloud-sleuth-zipkin\2.0.0.M7\spring-cloud-sleuth-zipkin-2.0.0.M7.jar;C:\Users\91959\.m2\repository\io\zipkin\zipkin2\zipkin\2.5.0\zipkin-2.5.0.jar;C:\Users\91959\.m2\repository\io\zipkin\reporter2\zipkin-reporter\2.3.3\zipkin-reporter-2.3.3.jar;C:\Users\91959\.m2\repository\io\zipkin\reporter2\zipkin-sender-kafka11\2.3.3\zipkin-sender-kafka11-2.3.3.jar;C:\Users\91959\.m2\repository\io\zipkin\reporter2\zipkin-sender-amqp-client\2.3.3\zipkin-sender-amqp-client-2.3.3.jar;C:\Users\91959\.m2\repository\org\springframework\cloud\spring-cloud-starter-bus-amqp\2.0.0.M7\spring-cloud-starter-bus-amqp-2.0.0.M7.jar;C:\Users\91959\.m2\repository\org\springframework\cloud\spring-cloud-starter-stream-rabbit\2.0.0.RC2\spring-cloud-starter-stream-rabbit-2.0.0.RC2.jar;C:\Users\91959\.m2\repository\org\springframework\cloud\spring-cloud-stream-binder-rabbit\2.0.0.RC2\spring-cloud-stream-binder-rabbit-2.0.0.RC2.jar;C:\Users\91959\.m2\repository\org\springframework\cloud\spring-cloud-stream-binder-rabbit-core\2.0.0.RC2\spring-cloud-stream-binder-rabbit-core-2.0.0.RC2.jar;C:\Users\91959\.m2\repository\org\springframework\boot\spring-boot-starter-amqp\2.0.0.RELEASE\spring-boot-starter-amqp-2.0.0.RELEASE.jar;C:\Users\91959\.m2\repository\org\springframework\amqp\spring-rabbit\2.0.2.RELEASE\spring-rabbit-2.0.2.RELEASE.jar;C:\Users\91959\.m2\repository\org\springframework\amqp\spring-amqp\2.0.2.RELEASE\spring-amqp-2.0.2.RELEASE.jar;C:\Users\91959\.m2\repository\com\rabbitmq\amqp-client\5.1.2\amqp-client-5.1.2.jar;C:\Users\91959\.m2\repository\com\rabbitmq\http-client\1.3.1.RELEASE\http-client-1.3.1.RELEASE.jar;C:\Users\91959\.m2\repository\org\springframework\integration\spring-integration-amqp\5.0.3.RELEASE\spring-integration-amqp-5.0.3.RELEASE.jar;C:\Users\91959\.m2\repository\org\springframework\integration\spring-integration-jmx\5.0.3.RELEASE\spring-integration-jmx-5.0.3.RELEASE.jar;C:\Users\91959\.m2\repository\org\springframework\cloud\spring-cloud-bus\2.0.0.M7\spring-cloud-bus-2.0.0.M7.jar;C:\Users\91959\.m2\repository\org\springframework\cloud\spring-cloud-stream\2.0.0.RC2\spring-cloud-stream-2.0.0.RC2.jar;C:\Users\91959\.m2\repository\org\springframework\boot\spring-boot-starter-validation\2.0.0.RELEASE\spring-boot-starter-validation-2.0.0.RELEASE.jar;C:\Users\91959\.m2\repository\org\springframework\spring-messaging\5.0.4.RELEASE\spring-messaging-5.0.4.RELEASE.jar;C:\Users\91959\.m2\repository\org\springframework\spring-tuple\1.0.0.RELEASE\spring-tuple-1.0.0.RELEASE.jar;C:\Users\91959\.m2\repository\com\esotericsoftware\kryo-shaded\3.0.3\kryo-shaded-3.0.3.jar;C:\Users\91959\.m2\repository\com\esotericsoftware\minlog\1.3.0\minlog-1.3.0.jar;C:\Users\91959\.m2\repository\org\springframework\integration\spring-integration-tuple\1.0.0.RELEASE\spring-integration-tuple-1.0.0.RELEASE.jar;C:\Users\91959\.m2\repository\org\springframework\retry\spring-retry\1.2.2.RELEASE\spring-retry-1.2.2.RELEASE.jar;C:\Users\91959\.m2\repository\org\springframework\integration\spring-integration-core\5.0.3.RELEASE\spring-integration-core-5.0.3.RELEASE.jar;C:\Users\91959\.m2\repository\org\springframework\spring-tx\5.0.4.RELEASE\spring-tx-5.0.4.RELEASE.jar;C:\Users\91959\.m2\repository\io\projectreactor\reactor-core\3.1.5.RELEASE\reactor-core-3.1.5.RELEASE.jar;C:\Users\91959\.m2\repository\org\reactivestreams\reactive-streams\1.0.2\reactive-streams-1.0.2.jar;C:\Users\91959\.m2\repository\io\micrometer\micrometer-core\1.0.1\micrometer-core-1.0.1.jar;C:\Users\91959\.m2\repository\org\latencyutils\LatencyUtils\2.0.3\LatencyUtils-2.0.3.jar;C:\Users\91959\.m2\repository\org\springframework\cloud\spring-cloud-starter-netflix-eureka-client\2.0.0.M7\spring-cloud-starter-netflix-eureka-client-2.0.0.M7.jar;C:\Users\91959\.m2\repository\org\springframework\cloud\spring-cloud-netflix-core\2.0.0.M7\spring-cloud-netflix-core-2.0.0.M7.jar;C:\Users\91959\.m2\repository\org\springframework\cloud\spring-cloud-netflix-eureka-client\2.0.0.M7\spring-cloud-netflix-eureka-client-2.0.0.M7.jar;C:\Users\91959\.m2\repository\com\netflix\eureka\eureka-client\1.8.6\eureka-client-1.8.6.jar;C:\Users\91959\.m2\repository\org\codehaus\jettison\jettison\1.3.7\jettison-1.3.7.jar;C:\Users\91959\.m2\repository\stax\stax-api\1.0.1\stax-api-1.0.1.jar;C:\Users\91959\.m2\repository\com\netflix\netflix-commons\netflix-eventbus\0.3.0\netflix-eventbus-0.3.0.jar;C:\Users\91959\.m2\repository\com\netflix\netflix-commons\netflix-infix\0.3.0\netflix-infix-0.3.0.jar;C:\Users\91959\.m2\repository\commons-jxpath\commons-jxpath\1.3\commons-jxpath-1.3.jar;C:\Users\91959\.m2\repository\joda-time\joda-time\2.9.9\joda-time-2.9.9.jar;C:\Users\91959\.m2\repository\org\antlr\antlr-runtime\3.4\antlr-runtime-3.4.jar;C:\Users\91959\.m2\repository\org\antlr\stringtemplate\3.2.1\stringtemplate-3.2.1.jar;C:\Users\91959\.m2\repository\antlr\antlr\2.7.7\antlr-2.7.7.jar;C:\Users\91959\.m2\repository\com\google\code\gson\gson\2.8.2\gson-2.8.2.jar;C:\Users\91959\.m2\repository\org\apache\commons\commons-math\2.2\commons-math-2.2.jar;C:\Users\91959\.m2\repository\javax\ws\rs\jsr311-api\1.1.1\jsr311-api-1.1.1.jar;C:\Users\91959\.m2\repository\com\netflix\servo\servo-core\0.10.1\servo-core-0.10.1.jar;C:\Users\91959\.m2\repository\com\netflix\servo\servo-internal\0.10.1\servo-internal-0.10.1.jar;C:\Users\91959\.m2\repository\com\sun\jersey\jersey-core\1.19.1\jersey-core-1.19.1.jar;C:\Users\91959\.m2\repository\com\sun\jersey\jersey-client\1.19.1\jersey-client-1.19.1.jar;C:\Users\91959\.m2\repository\com\sun\jersey\contribs\jersey-apache-client4\1.19.1\jersey-apache-client4-1.19.1.jar;C:\Users\91959\.m2\repository\com\google\inject\guice\4.1.0\guice-4.1.0.jar;C:\Users\91959\.m2\repository\aopalliance\aopalliance\1.0\aopalliance-1.0.jar;C:\Users\91959\.m2\repository\com\github\vlsi\compactmap\compactmap\1.2.1\compactmap-1.2.1.jar;C:\Users\91959\.m2\repository\com\github\andrewoma\dexx\dexx-collections\0.2\dexx-collections-0.2.jar;C:\Users\91959\.m2\repository\com\netflix\eureka\eureka-core\1.8.6\eureka-core-1.8.6.jar;C:\Users\91959\.m2\repository\org\codehaus\woodstox\woodstox-core-asl\4.4.1\woodstox-core-asl-4.4.1.jar;C:\Users\91959\.m2\repository\javax\xml\stream\stax-api\1.0-2\stax-api-1.0-2.jar;C:\Users\91959\.m2\repository\org\codehaus\woodstox\stax2-api\3.1.4\stax2-api-3.1.4.jar;C:\Users\91959\.m2\repository\com\netflix\ribbon\ribbon-eureka\2.2.4\ribbon-eureka-2.2.4.jar;C:\Users\91959\.m2\repository\com\thoughtworks\xstream\xstream\1.4.9\xstream-1.4.9.jar;C:\Users\91959\.m2\repository\xmlpull\xmlpull\1.1.3.1\xmlpull-1.1.3.1.jar;C:\Users\91959\.m2\repository\xpp3\xpp3_min\1.1.4c\xpp3_min-1.1.4c.jar;C:\Users\91959\.m2\repository\org\springframework\cloud\spring-cloud-starter-netflix-ribbon\2.0.0.M7\spring-cloud-starter-netflix-ribbon-2.0.0.M7.jar;C:\Users\91959\.m2\repository\org\springframework\cloud\spring-cloud-netflix-ribbon\2.0.0.M7\spring-cloud-netflix-ribbon-2.0.0.M7.jar;C:\Users\91959\.m2\repository\com\netflix\ribbon\ribbon\2.2.4\ribbon-2.2.4.jar;C:\Users\91959\.m2\repository\com\netflix\ribbon\ribbon-transport\2.2.4\ribbon-transport-2.2.4.jar;C:\Users\91959\.m2\repository\io\reactivex\rxnetty-contexts\0.4.9\rxnetty-contexts-0.4.9.jar;C:\Users\91959\.m2\repository\io\reactivex\rxnetty-servo\0.4.9\rxnetty-servo-0.4.9.jar;C:\Users\91959\.m2\repository\javax\inject\javax.inject\1\javax.inject-1.jar;C:\Users\91959\.m2\repository\io\reactivex\rxnetty\0.4.9\rxnetty-0.4.9.jar;C:\Users\91959\.m2\repository\io\netty\netty-codec-http\4.1.22.Final\netty-codec-http-4.1.22.Final.jar;C:\Users\91959\.m2\repository\io\netty\netty-codec\4.1.22.Final\netty-codec-4.1.22.Final.jar;C:\Users\91959\.m2\repository\io\netty\netty-transport-native-epoll\4.1.22.Final\netty-transport-native-epoll-4.1.22.Final.jar;C:\Users\91959\.m2\repository\io\netty\netty-common\4.1.22.Final\netty-common-4.1.22.Final.jar;C:\Users\91959\.m2\repository\io\netty\netty-buffer\4.1.22.Final\netty-buffer-4.1.22.Final.jar;C:\Users\91959\.m2\repository\io\netty\netty-transport-native-unix-common\4.1.22.Final\netty-transport-native-unix-common-4.1.22.Final.jar;C:\Users\91959\.m2\repository\io\netty\netty-transport\4.1.22.Final\netty-transport-4.1.22.Final.jar;C:\Users\91959\.m2\repository\io\netty\netty-resolver\4.1.22.Final\netty-resolver-4.1.22.Final.jar;C:\Users\91959\.m2\repository\com\netflix\ribbon\ribbon-core\2.2.4\ribbon-core-2.2.4.jar;C:\Users\91959\.m2\repository\commons-lang\commons-lang\2.6\commons-lang-2.6.jar;C:\Users\91959\.m2\repository\com\netflix\ribbon\ribbon-httpclient\2.2.4\ribbon-httpclient-2.2.4.jar;C:\Users\91959\.m2\repository\commons-collections\commons-collections\3.2.2\commons-collections-3.2.2.jar;C:\Users\91959\.m2\repository\com\netflix\netflix-commons\netflix-commons-util\0.1.1\netflix-commons-util-0.1.1.jar;C:\Users\91959\.m2\repository\com\netflix\ribbon\ribbon-loadbalancer\2.2.4\ribbon-loadbalancer-2.2.4.jar;C:\Users\91959\.m2\repository\com\netflix\netflix-commons\netflix-statistics\0.1.1\netflix-statistics-0.1.1.jar;C:\Users\91959\.m2\repository\io\reactivex\rxjava\1.3.6\rxjava-1.3.6.jar;C:\Users\91959\.m2\repository\org\springframework\boot\spring-boot-starter-web\2.0.0.RELEASE\spring-boot-starter-web-2.0.0.RELEASE.jar;C:\Users\91959\.m2\repository\org\springframework\boot\spring-boot-starter\2.0.0.RELEASE\spring-boot-starter-2.0.0.RELEASE.jar;C:\Users\91959\.m2\repository\org\springframework\boot\spring-boot\2.0.0.RELEASE\spring-boot-2.0.0.RELEASE.jar;C:\Users\91959\.m2\repository\org\springframework\boot\spring-boot-starter-logging\2.0.0.RELEASE\spring-boot-starter-logging-2.0.0.RELEASE.jar;C:\Users\91959\.m2\repository\ch\qos\logback\logback-classic\1.2.3\logback-classic-1.2.3.jar;C:\Users\91959\.m2\repository\ch\qos\logback\logback-core\1.2.3\logback-core-1.2.3.jar;C:\Users\91959\.m2\repository\org\apache\logging\log4j\log4j-to-slf4j\2.10.0\log4j-to-slf4j-2.10.0.jar;C:\Users\91959\.m2\repository\org\apache\logging\log4j\log4j-api\2.10.0\log4j-api-2.10.0.jar;C:\Users\91959\.m2\repository\org\slf4j\jul-to-slf4j\1.7.25\jul-to-slf4j-1.7.25.jar;C:\Users\91959\.m2\repository\javax\annotation\javax.annotation-api\1.3.2\javax.annotation-api-1.3.2.jar;C:\Users\91959\.m2\repository\org\yaml\snakeyaml\1.19\snakeyaml-1.19.jar;C:\Users\91959\.m2\repository\org\springframework\boot\spring-boot-starter-json\2.0.0.RELEASE\spring-boot-starter-json-2.0.0.RELEASE.jar;C:\Users\91959\.m2\repository\com\fasterxml\jackson\datatype\jackson-datatype-jdk8\2.9.3\jackson-datatype-jdk8-2.9.3.jar;C:\Users\91959\.m2\repository\com\fasterxml\jackson\datatype\jackson-datatype-jsr310\2.9.3\jackson-datatype-jsr310-2.9.3.jar;C:\Users\91959\.m2\repository\com\fasterxml\jackson\module\jackson-module-parameter-names\2.9.3\jackson-module-parameter-names-2.9.3.jar;C:\Users\91959\.m2\repository\org\springframework\boot\spring-boot-starter-tomcat\2.0.0.RELEASE\spring-boot-starter-tomcat-2.0.0.RELEASE.jar;C:\Users\91959\.m2\repository\org\apache\tomcat\embed\tomcat-embed-core\8.5.28\tomcat-embed-core-8.5.28.jar;C:\Users\91959\.m2\repository\org\apache\tomcat\embed\tomcat-embed-el\8.5.28\tomcat-embed-el-8.5.28.jar;C:\Users\91959\.m2\repository\org\apache\tomcat\embed\tomcat-embed-websocket\8.5.28\tomcat-embed-websocket-8.5.28.jar;C:\Users\91959\.m2\repository\org\hibernate\validator\hibernate-validator\6.0.7.Final\hibernate-validator-6.0.7.Final.jar;C:\Users\91959\.m2\repository\javax\validation\validation-api\2.0.1.Final\validation-api-2.0.1.Final.jar;C:\Users\91959\.m2\repository\org\jboss\logging\jboss-logging\3.3.2.Final\jboss-logging-3.3.2.Final.jar;C:\Users\91959\.m2\repository\com\fasterxml\classmate\1.3.4\classmate-1.3.4.jar;C:\Users\91959\.m2\repository\org\springframework\spring-webmvc\5.0.4.RELEASE\spring-webmvc-5.0.4.RELEASE.jar;C:\Users\91959\.m2\repository\org\springframework\spring-expression\5.0.4.RELEASE\spring-expression-5.0.4.RELEASE.jar;C:\Users\91959\.m2\repository\org\springframework\boot\spring-boot-starter-test\2.0.0.RELEASE\spring-boot-starter-test-2.0.0.RELEASE.jar;C:\Users\91959\.m2\repository\org\springframework\boot\spring-boot-test\2.0.0.RELEASE\spring-boot-test-2.0.0.RELEASE.jar;C:\Users\91959\.m2\repository\org\springframework\boot\spring-boot-test-autoconfigure\2.0.0.RELEASE\spring-boot-test-autoconfigure-2.0.0.RELEASE.jar;C:\Users\91959\.m2\repository\com\jayway\jsonpath\json-path\2.4.0\json-path-2.4.0.jar;C:\Users\91959\.m2\repository\net\minidev\json-smart\2.3\json-smart-2.3.jar;C:\Users\91959\.m2\repository\net\minidev\accessors-smart\1.2\accessors-smart-1.2.jar;C:\Users\91959\.m2\repository\org\ow2\asm\asm\5.0.4\asm-5.0.4.jar;C:\Users\91959\.m2\repository\junit\junit\4.12\junit-4.12.jar;C:\Users\91959\.m2\repository\org\assertj\assertj-core\3.9.1\assertj-core-3.9.1.jar;C:\Users\91959\.m2\repository\org\mockito\mockito-core\2.15.0\mockito-core-2.15.0.jar;C:\Users\91959\.m2\repository\net\bytebuddy\byte-buddy\1.7.10\byte-buddy-1.7.10.jar;C:\Users\91959\.m2\repository\net\bytebuddy\byte-buddy-agent\1.7.10\byte-buddy-agent-1.7.10.jar;C:\Users\91959\.m2\repository\org\objenesis\objenesis\2.6\objenesis-2.6.jar;C:\Users\91959\.m2\repository\org\hamcrest\hamcrest-core\1.3\hamcrest-core-1.3.jar;C:\Users\91959\.m2\repository\org\hamcrest\hamcrest-library\1.3\hamcrest-library-1.3.jar;C:\Users\91959\.m2\repository\org\skyscreamer\jsonassert\1.5.0\jsonassert-1.5.0.jar;C:\Users\91959\.m2\repository\com\vaadin\external\google\android-json\0.0.20131108.vaadin1\android-json-0.0.20131108.vaadin1.jar;C:\Users\91959\.m2\repository\org\springframework\spring-core\5.0.4.RELEASE\spring-core-5.0.4.RELEASE.jar;C:\Users\91959\.m2\repository\org\springframework\spring-jcl\5.0.4.RELEASE\spring-jcl-5.0.4.RELEASE.jar;C:\Users\91959\.m2\repository\org\springframework\spring-test\5.0.4.RELEASE\spring-test-5.0.4.RELEASE.jar;C:\Users\91959\.m2\repository\org\xmlunit\xmlunit-core\2.5.1\xmlunit-core-2.5.1.jar;, java.specification.name=Java Platform API Specification, java.class.version=52.0, sun.management.compiler=HotSpot 64-Bit Tiered Compilers, os.version=10.0, user.home=C:\Users\91959, user.timezone=Asia/Calcutta, java.awt.printerjob=sun.awt.windows.WPrinterJob, file.encoding=Cp1252, java.specification.version=1.8, java.class.path=G:\Microservices-workspace-2019\microservices-in28mnt-by-shail\currency-conversion-service\target\test-classes;G:\Microservices-workspace-2019\microservices-in28mnt-by-shail\currency-conversion-service\target\classes;C:\Users\91959\.m2\repository\org\springframework\cloud\spring-cloud-starter-config\2.0.0.M8\spring-cloud-starter-config-2.0.0.M8.jar;C:\Users\91959\.m2\repository\org\springframework\cloud\spring-cloud-starter\2.0.0.M8\spring-cloud-starter-2.0.0.M8.jar;C:\Users\91959\.m2\repository\org\springframework\cloud\spring-cloud-context\2.0.0.M8\spring-cloud-context-2.0.0.M8.jar;C:\Users\91959\.m2\repository\org\springframework\security\spring-security-rsa\1.0.5.RELEASE\spring-security-rsa-1.0.5.RELEASE.jar;C:\Users\91959\.m2\repository\org\bouncycastle\bcpkix-jdk15on\1.56\bcpkix-jdk15on-1.56.jar;C:\Users\91959\.m2\repository\org\bouncycastle\bcprov-jdk15on\1.56\bcprov-jdk15on-1.56.jar;C:\Users\91959\.m2\repository\org\springframework\cloud\spring-cloud-config-client\2.0.0.M8\spring-cloud-config-client-2.0.0.M8.jar;C:\Users\91959\.m2\repository\org\springframework\boot\spring-boot-autoconfigure\2.0.0.RELEASE\spring-boot-autoconfigure-2.0.0.RELEASE.jar;C:\Users\91959\.m2\repository\com\fasterxml\jackson\core\jackson-annotations\2.9.0\jackson-annotations-2.9.0.jar;C:\Users\91959\.m2\repository\com\fasterxml\jackson\core\jackson-databind\2.9.3\jackson-databind-2.9.3.jar;C:\Users\91959\.m2\repository\com\fasterxml\jackson\core\jackson-core\2.9.3\jackson-core-2.9.3.jar;C:\Users\91959\.m2\repository\org\springframework\cloud\spring-cloud-starter-openfeign\2.0.0.M1\spring-cloud-starter-openfeign-2.0.0.M1.jar;C:\Users\91959\.m2\repository\org\springframework\cloud\spring-cloud-openfeign-core\2.0.0.M1\spring-cloud-openfeign-core-2.0.0.M1.jar;C:\Users\91959\.m2\repository\org\springframework\spring-web\5.0.4.RELEASE\spring-web-5.0.4.RELEASE.jar;C:\Users\91959\.m2\repository\org\springframework\spring-beans\5.0.4.RELEASE\spring-beans-5.0.4.RELEASE.jar;C:\Users\91959\.m2\repository\org\springframework\cloud\spring-cloud-commons\2.0.0.M8\spring-cloud-commons-2.0.0.M8.jar;C:\Users\91959\.m2\repository\org\springframework\security\spring-security-crypto\5.0.3.RELEASE\spring-security-crypto-5.0.3.RELEASE.jar;C:\Users\91959\.m2\repository\org\apache\httpcomponents\httpclient\4.5.5\httpclient-4.5.5.jar;C:\Users\91959\.m2\repository\org\apache\httpcomponents\httpcore\4.4.9\httpcore-4.4.9.jar;C:\Users\91959\.m2\repository\commons-codec\commons-codec\1.11\commons-codec-1.11.jar;C:\Users\91959\.m2\repository\io\github\openfeign\feign-core\9.5.1\feign-core-9.5.1.jar;C:\Users\91959\.m2\repository\io\github\openfeign\feign-slf4j\9.5.1\feign-slf4j-9.5.1.jar;C:\Users\91959\.m2\repository\org\slf4j\slf4j-api\1.7.25\slf4j-api-1.7.25.jar;C:\Users\91959\.m2\repository\io\github\openfeign\feign-hystrix\9.5.1\feign-hystrix-9.5.1.jar;C:\Users\91959\.m2\repository\com\netflix\archaius\archaius-core\0.7.5\archaius-core-0.7.5.jar;C:\Users\91959\.m2\repository\com\google\code\findbugs\jsr305\3.0.1\jsr305-3.0.1.jar;C:\Users\91959\.m2\repository\com\netflix\hystrix\hystrix-core\1.5.12\hystrix-core-1.5.12.jar;C:\Users\91959\.m2\repository\org\hdrhistogram\HdrHistogram\2.1.9\HdrHistogram-2.1.9.jar;C:\Users\91959\.m2\repository\io\github\openfeign\feign-java8\9.5.1\feign-java8-9.5.1.jar;C:\Users\91959\.m2\repository\org\springframework\cloud\spring-cloud-starter-netflix-archaius\2.0.0.M7\spring-cloud-starter-netflix-archaius-2.0.0.M7.jar;C:\Users\91959\.m2\repository\org\springframework\cloud\spring-cloud-netflix-archaius\2.0.0.M7\spring-cloud-netflix-archaius-2.0.0.M7.jar;C:\Users\91959\.m2\repository\commons-configuration\commons-configuration\1.8\commons-configuration-1.8.jar;C:\Users\91959\.m2\repository\com\google\guava\guava\18.0\guava-18.0.jar;C:\Users\91959\.m2\repository\org\springframework\cloud\spring-cloud-starter-sleuth\2.0.0.M7\spring-cloud-starter-sleuth-2.0.0.M7.jar;C:\Users\91959\.m2\repository\org\springframework\boot\spring-boot-starter-aop\2.0.0.RELEASE\spring-boot-starter-aop-2.0.0.RELEASE.jar;C:\Users\91959\.m2\repository\org\springframework\spring-aop\5.0.4.RELEASE\spring-aop-5.0.4.RELEASE.jar;C:\Users\91959\.m2\repository\org\aspectj\aspectjweaver\1.8.13\aspectjweaver-1.8.13.jar;C:\Users\91959\.m2\repository\org\springframework\cloud\spring-cloud-sleuth-core\2.0.0.M7\spring-cloud-sleuth-core-2.0.0.M7.jar;C:\Users\91959\.m2\repository\org\springframework\spring-context\5.0.4.RELEASE\spring-context-5.0.4.RELEASE.jar;C:\Users\91959\.m2\repository\org\aspectj\aspectjrt\1.8.13\aspectjrt-1.8.13.jar;C:\Users\91959\.m2\repository\io\zipkin\brave\brave\4.16.1\brave-4.16.1.jar;C:\Users\91959\.m2\repository\io\zipkin\brave\brave-context-log4j2\4.16.1\brave-context-log4j2-4.16.1.jar;C:\Users\91959\.m2\repository\io\zipkin\brave\brave-instrumentation-spring-web\4.16.1\brave-instrumentation-spring-web-4.16.1.jar;C:\Users\91959\.m2\repository\io\zipkin\brave\brave-instrumentation-http\4.16.1\brave-instrumentation-http-4.16.1.jar;C:\Users\91959\.m2\repository\io\zipkin\brave\brave-instrumentation-spring-webmvc\4.16.1\brave-instrumentation-spring-webmvc-4.16.1.jar;C:\Users\91959\.m2\repository\io\zipkin\brave\brave-instrumentation-servlet\4.16.1\brave-instrumentation-servlet-4.16.1.jar;C:\Users\91959\.m2\repository\org\springframework\cloud\spring-cloud-sleuth-zipkin\2.0.0.M7\spring-cloud-sleuth-zipkin-2.0.0.M7.jar;C:\Users\91959\.m2\repository\io\zipkin\zipkin2\zipkin\2.5.0\zipkin-2.5.0.jar;C:\Users\91959\.m2\repository\io\zipkin\reporter2\zipkin-reporter\2.3.3\zipkin-reporter-2.3.3.jar;C:\Users\91959\.m2\repository\io\zipkin\reporter2\zipkin-sender-kafka11\2.3.3\zipkin-sender-kafka11-2.3.3.jar;C:\Users\91959\.m2\repository\io\zipkin\reporter2\zipkin-sender-amqp-client\2.3.3\zipkin-sender-amqp-client-2.3.3.jar;C:\Users\91959\.m2\repository\org\springframework\cloud\spring-cloud-starter-bus-amqp\2.0.0.M7\spring-cloud-starter-bus-amqp-2.0.0.M7.jar;C:\Users\91959\.m2\repository\org\springframework\cloud\spring-cloud-starter-stream-rabbit\2.0.0.RC2\spring-cloud-starter-stream-rabbit-2.0.0.RC2.jar;C:\Users\91959\.m2\repository\org\springframework\cloud\spring-cloud-stream-binder-rabbit\2.0.0.RC2\spring-cloud-stream-binder-rabbit-2.0.0.RC2.jar;C:\Users\91959\.m2\repository\org\springframework\cloud\spring-cloud-stream-binder-rabbit-core\2.0.0.RC2\spring-cloud-stream-binder-rabbit-core-2.0.0.RC2.jar;C:\Users\91959\.m2\repository\org\springframework\boot\spring-boot-starter-amqp\2.0.0.RELEASE\spring-boot-starter-amqp-2.0.0.RELEASE.jar;C:\Users\91959\.m2\repository\org\springframework\amqp\spring-rabbit\2.0.2.RELEASE\spring-rabbit-2.0.2.RELEASE.jar;C:\Users\91959\.m2\repository\org\springframework\amqp\spring-amqp\2.0.2.RELEASE\spring-amqp-2.0.2.RELEASE.jar;C:\Users\91959\.m2\repository\com\rabbitmq\amqp-client\5.1.2\amqp-client-5.1.2.jar;C:\Users\91959\.m2\repository\com\rabbitmq\http-client\1.3.1.RELEASE\http-client-1.3.1.RELEASE.jar;C:\Users\91959\.m2\repository\org\springframework\integration\spring-integration-amqp\5.0.3.RELEASE\spring-integration-amqp-5.0.3.RELEASE.jar;C:\Users\91959\.m2\repository\org\springframework\integration\spring-integration-jmx\5.0.3.RELEASE\spring-integration-jmx-5.0.3.RELEASE.jar;C:\Users\91959\.m2\repository\org\springframework\cloud\spring-cloud-bus\2.0.0.M7\spring-cloud-bus-2.0.0.M7.jar;C:\Users\91959\.m2\repository\org\springframework\cloud\spring-cloud-stream\2.0.0.RC2\spring-cloud-stream-2.0.0.RC2.jar;C:\Users\91959\.m2\repository\org\springframework\boot\spring-boot-starter-validation\2.0.0.RELEASE\spring-boot-starter-validation-2.0.0.RELEASE.jar;C:\Users\91959\.m2\repository\org\springframework\spring-messaging\5.0.4.RELEASE\spring-messaging-5.0.4.RELEASE.jar;C:\Users\91959\.m2\repository\org\springframework\spring-tuple\1.0.0.RELEASE\spring-tuple-1.0.0.RELEASE.jar;C:\Users\91959\.m2\repository\com\esotericsoftware\kryo-shaded\3.0.3\kryo-shaded-3.0.3.jar;C:\Users\91959\.m2\repository\com\esotericsoftware\minlog\1.3.0\minlog-1.3.0.jar;C:\Users\91959\.m2\repository\org\springframework\integration\spring-integration-tuple\1.0.0.RELEASE\spring-integration-tuple-1.0.0.RELEASE.jar;C:\Users\91959\.m2\repository\org\springframework\retry\spring-retry\1.2.2.RELEASE\spring-retry-1.2.2.RELEASE.jar;C:\Users\91959\.m2\repository\org\springframework\integration\spring-integration-core\5.0.3.RELEASE\spring-integration-core-5.0.3.RELEASE.jar;C:\Users\91959\.m2\repository\org\springframework\spring-tx\5.0.4.RELEASE\spring-tx-5.0.4.RELEASE.jar;C:\Users\91959\.m2\repository\io\projectreactor\reactor-core\3.1.5.RELEASE\reactor-core-3.1.5.RELEASE.jar;C:\Users\91959\.m2\repository\org\reactivestreams\reactive-streams\1.0.2\reactive-streams-1.0.2.jar;C:\Users\91959\.m2\repository\io\micrometer\micrometer-core\1.0.1\micrometer-core-1.0.1.jar;C:\Users\91959\.m2\repository\org\latencyutils\LatencyUtils\2.0.3\LatencyUtils-2.0.3.jar;C:\Users\91959\.m2\repository\org\springframework\cloud\spring-cloud-starter-netflix-eureka-client\2.0.0.M7\spring-cloud-starter-netflix-eureka-client-2.0.0.M7.jar;C:\Users\91959\.m2\repository\org\springframework\cloud\spring-cloud-netflix-core\2.0.0.M7\spring-cloud-netflix-core-2.0.0.M7.jar;C:\Users\91959\.m2\repository\org\springframework\cloud\spring-cloud-netflix-eureka-client\2.0.0.M7\spring-cloud-netflix-eureka-client-2.0.0.M7.jar;C:\Users\91959\.m2\repository\com\netflix\eureka\eureka-client\1.8.6\eureka-client-1.8.6.jar;C:\Users\91959\.m2\repository\org\codehaus\jettison\jettison\1.3.7\jettison-1.3.7.jar;C:\Users\91959\.m2\repository\stax\stax-api\1.0.1\stax-api-1.0.1.jar;C:\Users\91959\.m2\repository\com\netflix\netflix-commons\netflix-eventbus\0.3.0\netflix-eventbus-0.3.0.jar;C:\Users\91959\.m2\repository\com\netflix\netflix-commons\netflix-infix\0.3.0\netflix-infix-0.3.0.jar;C:\Users\91959\.m2\repository\commons-jxpath\commons-jxpath\1.3\commons-jxpath-1.3.jar;C:\Users\91959\.m2\repository\joda-time\joda-time\2.9.9\joda-time-2.9.9.jar;C:\Users\91959\.m2\repository\org\antlr\antlr-runtime\3.4\antlr-runtime-3.4.jar;C:\Users\91959\.m2\repository\org\antlr\stringtemplate\3.2.1\stringtemplate-3.2.1.jar;C:\Users\91959\.m2\repository\antlr\antlr\2.7.7\antlr-2.7.7.jar;C:\Users\91959\.m2\repository\com\google\code\gson\gson\2.8.2\gson-2.8.2.jar;C:\Users\91959\.m2\repository\org\apache\commons\commons-math\2.2\commons-math-2.2.jar;C:\Users\91959\.m2\repository\javax\ws\rs\jsr311-api\1.1.1\jsr311-api-1.1.1.jar;C:\Users\91959\.m2\repository\com\netflix\servo\servo-core\0.10.1\servo-core-0.10.1.jar;C:\Users\91959\.m2\repository\com\netflix\servo\servo-internal\0.10.1\servo-internal-0.10.1.jar;C:\Users\91959\.m2\repository\com\sun\jersey\jersey-core\1.19.1\jersey-core-1.19.1.jar;C:\Users\91959\.m2\repository\com\sun\jersey\jersey-client\1.19.1\jersey-client-1.19.1.jar;C:\Users\91959\.m2\repository\com\sun\jersey\contribs\jersey-apache-client4\1.19.1\jersey-apache-client4-1.19.1.jar;C:\Users\91959\.m2\repository\com\google\inject\guice\4.1.0\guice-4.1.0.jar;C:\Users\91959\.m2\repository\aopalliance\aopalliance\1.0\aopalliance-1.0.jar;C:\Users\91959\.m2\repository\com\github\vlsi\compactmap\compactmap\1.2.1\compactmap-1.2.1.jar;C:\Users\91959\.m2\repository\com\github\andrewoma\dexx\dexx-collections\0.2\dexx-collections-0.2.jar;C:\Users\91959\.m2\repository\com\netflix\eureka\eureka-core\1.8.6\eureka-core-1.8.6.jar;C:\Users\91959\.m2\repository\org\codehaus\woodstox\woodstox-core-asl\4.4.1\woodstox-core-asl-4.4.1.jar;C:\Users\91959\.m2\repository\javax\xml\stream\stax-api\1.0-2\stax-api-1.0-2.jar;C:\Users\91959\.m2\repository\org\codehaus\woodstox\stax2-api\3.1.4\stax2-api-3.1.4.jar;C:\Users\91959\.m2\repository\com\netflix\ribbon\ribbon-eureka\2.2.4\ribbon-eureka-2.2.4.jar;C:\Users\91959\.m2\repository\com\thoughtworks\xstream\xstream\1.4.9\xstream-1.4.9.jar;C:\Users\91959\.m2\repository\xmlpull\xmlpull\1.1.3.1\xmlpull-1.1.3.1.jar;C:\Users\91959\.m2\repository\xpp3\xpp3_min\1.1.4c\xpp3_min-1.1.4c.jar;C:\Users\91959\.m2\repository\org\springframework\cloud\spring-cloud-starter-netflix-ribbon\2.0.0.M7\spring-cloud-starter-netflix-ribbon-2.0.0.M7.jar;C:\Users\91959\.m2\repository\org\springframework\cloud\spring-cloud-netflix-ribbon\2.0.0.M7\spring-cloud-netflix-ribbon-2.0.0.M7.jar;C:\Users\91959\.m2\repository\com\netflix\ribbon\ribbon\2.2.4\ribbon-2.2.4.jar;C:\Users\91959\.m2\repository\com\netflix\ribbon\ribbon-transport\2.2.4\ribbon-transport-2.2.4.jar;C:\Users\91959\.m2\repository\io\reactivex\rxnetty-contexts\0.4.9\rxnetty-contexts-0.4.9.jar;C:\Users\91959\.m2\repository\io\reactivex\rxnetty-servo\0.4.9\rxnetty-servo-0.4.9.jar;C:\Users\91959\.m2\repository\javax\inject\javax.inject\1\javax.inject-1.jar;C:\Users\91959\.m2\repository\io\reactivex\rxnetty\0.4.9\rxnetty-0.4.9.jar;C:\Users\91959\.m2\repository\io\netty\netty-codec-http\4.1.22.Final\netty-codec-http-4.1.22.Final.jar;C:\Users\91959\.m2\repository\io\netty\netty-codec\4.1.22.Final\netty-codec-4.1.22.Final.jar;C:\Users\91959\.m2\repository\io\netty\netty-transport-native-epoll\4.1.22.Final\netty-transport-native-epoll-4.1.22.Final.jar;C:\Users\91959\.m2\repository\io\netty\netty-common\4.1.22.Final\netty-common-4.1.22.Final.jar;C:\Users\91959\.m2\repository\io\netty\netty-buffer\4.1.22.Final\netty-buffer-4.1.22.Final.jar;C:\Users\91959\.m2\repository\io\netty\netty-transport-native-unix-common\4.1.22.Final\netty-transport-native-unix-common-4.1.22.Final.jar;C:\Users\91959\.m2\repository\io\netty\netty-transport\4.1.22.Final\netty-transport-4.1.22.Final.jar;C:\Users\91959\.m2\repository\io\netty\netty-resolver\4.1.22.Final\netty-resolver-4.1.22.Final.jar;C:\Users\91959\.m2\repository\com\netflix\ribbon\ribbon-core\2.2.4\ribbon-core-2.2.4.jar;C:\Users\91959\.m2\repository\commons-lang\commons-lang\2.6\commons-lang-2.6.jar;C:\Users\91959\.m2\repository\com\netflix\ribbon\ribbon-httpclient\2.2.4\ribbon-httpclient-2.2.4.jar;C:\Users\91959\.m2\repository\commons-collections\commons-collections\3.2.2\commons-collections-3.2.2.jar;C:\Users\91959\.m2\repository\com\netflix\netflix-commons\netflix-commons-util\0.1.1\netflix-commons-util-0.1.1.jar;C:\Users\91959\.m2\repository\com\netflix\ribbon\ribbon-loadbalancer\2.2.4\ribbon-loadbalancer-2.2.4.jar;C:\Users\91959\.m2\repository\com\netflix\netflix-commons\netflix-statistics\0.1.1\netflix-statistics-0.1.1.jar;C:\Users\91959\.m2\repository\io\reactivex\rxjava\1.3.6\rxjava-1.3.6.jar;C:\Users\91959\.m2\repository\org\springframework\boot\spring-boot-starter-web\2.0.0.RELEASE\spring-boot-starter-web-2.0.0.RELEASE.jar;C:\Users\91959\.m2\repository\org\springframework\boot\spring-boot-starter\2.0.0.RELEASE\spring-boot-starter-2.0.0.RELEASE.jar;C:\Users\91959\.m2\repository\org\springframework\boot\spring-boot\2.0.0.RELEASE\spring-boot-2.0.0.RELEASE.jar;C:\Users\91959\.m2\repository\org\springframework\boot\spring-boot-starter-logging\2.0.0.RELEASE\spring-boot-starter-logging-2.0.0.RELEASE.jar;C:\Users\91959\.m2\repository\ch\qos\logback\logback-classic\1.2.3\logback-classic-1.2.3.jar;C:\Users\91959\.m2\repository\ch\qos\logback\logback-core\1.2.3\logback-core-1.2.3.jar;C:\Users\91959\.m2\repository\org\apache\logging\log4j\log4j-to-slf4j\2.10.0\log4j-to-slf4j-2.10.0.jar;C:\Users\91959\.m2\repository\org\apache\logging\log4j\log4j-api\2.10.0\log4j-api-2.10.0.jar;C:\Users\91959\.m2\repository\org\slf4j\jul-to-slf4j\1.7.25\jul-to-slf4j-1.7.25.jar;C:\Users\91959\.m2\repository\javax\annotation\javax.annotation-api\1.3.2\javax.annotation-api-1.3.2.jar;C:\Users\91959\.m2\repository\org\yaml\snakeyaml\1.19\snakeyaml-1.19.jar;C:\Users\91959\.m2\repository\org\springframework\boot\spring-boot-starter-json\2.0.0.RELEASE\spring-boot-starter-json-2.0.0.RELEASE.jar;C:\Users\91959\.m2\repository\com\fasterxml\jackson\datatype\jackson-datatype-jdk8\2.9.3\jackson-datatype-jdk8-2.9.3.jar;C:\Users\91959\.m2\repository\com\fasterxml\jackson\datatype\jackson-datatype-jsr310\2.9.3\jackson-datatype-jsr310-2.9.3.jar;C:\Users\91959\.m2\repository\com\fasterxml\jackson\module\jackson-module-parameter-names\2.9.3\jackson-module-parameter-names-2.9.3.jar;C:\Users\91959\.m2\repository\org\springframework\boot\spring-boot-starter-tomcat\2.0.0.RELEASE\spring-boot-starter-tomcat-2.0.0.RELEASE.jar;C:\Users\91959\.m2\repository\org\apache\tomcat\embed\tomcat-embed-core\8.5.28\tomcat-embed-core-8.5.28.jar;C:\Users\91959\.m2\repository\org\apache\tomcat\embed\tomcat-embed-el\8.5.28\tomcat-embed-el-8.5.28.jar;C:\Users\91959\.m2\repository\org\apache\tomcat\embed\tomcat-embed-websocket\8.5.28\tomcat-embed-websocket-8.5.28.jar;C:\Users\91959\.m2\repository\org\hibernate\validator\hibernate-validator\6.0.7.Final\hibernate-validator-6.0.7.Final.jar;C:\Users\91959\.m2\repository\javax\validation\validation-api\2.0.1.Final\validation-api-2.0.1.Final.jar;C:\Users\91959\.m2\repository\org\jboss\logging\jboss-logging\3.3.2.Final\jboss-logging-3.3.2.Final.jar;C:\Users\91959\.m2\repository\com\fasterxml\classmate\1.3.4\classmate-1.3.4.jar;C:\Users\91959\.m2\repository\org\springframework\spring-webmvc\5.0.4.RELEASE\spring-webmvc-5.0.4.RELEASE.jar;C:\Users\91959\.m2\repository\org\springframework\spring-expression\5.0.4.RELEASE\spring-expression-5.0.4.RELEASE.jar;C:\Users\91959\.m2\repository\org\springframework\boot\spring-boot-starter-test\2.0.0.RELEASE\spring-boot-starter-test-2.0.0.RELEASE.jar;C:\Users\91959\.m2\repository\org\springframework\boot\spring-boot-test\2.0.0.RELEASE\spring-boot-test-2.0.0.RELEASE.jar;C:\Users\91959\.m2\repository\org\springframework\boot\spring-boot-test-autoconfigure\2.0.0.RELEASE\spring-boot-test-autoconfigure-2.0.0.RELEASE.jar;C:\Users\91959\.m2\repository\com\jayway\jsonpath\json-path\2.4.0\json-path-2.4.0.jar;C:\Users\91959\.m2\repository\net\minidev\json-smart\2.3\json-smart-2.3.jar;C:\Users\91959\.m2\repository\net\minidev\accessors-smart\1.2\accessors-smart-1.2.jar;C:\Users\91959\.m2\repository\org\ow2\asm\asm\5.0.4\asm-5.0.4.jar;C:\Users\91959\.m2\repository\junit\junit\4.12\junit-4.12.jar;C:\Users\91959\.m2\repository\org\assertj\assertj-core\3.9.1\assertj-core-3.9.1.jar;C:\Users\91959\.m2\repository\org\mockito\mockito-core\2.15.0\mockito-core-2.15.0.jar;C:\Users\91959\.m2\repository\net\bytebuddy\byte-buddy\1.7.10\byte-buddy-1.7.10.jar;C:\Users\91959\.m2\repository\net\bytebuddy\byte-buddy-agent\1.7.10\byte-buddy-agent-1.7.10.jar;C:\Users\91959\.m2\repository\org\objenesis\objenesis\2.6\objenesis-2.6.jar;C:\Users\91959\.m2\repository\org\hamcrest\hamcrest-core\1.3\hamcrest-core-1.3.jar;C:\Users\91959\.m2\repository\org\hamcrest\hamcrest-library\1.3\hamcrest-library-1.3.jar;C:\Users\91959\.m2\repository\org\skyscreamer\jsonassert\1.5.0\jsonassert-1.5.0.jar;C:\Users\91959\.m2\repository\com\vaadin\external\google\android-json\0.0.20131108.vaadin1\android-json-0.0.20131108.vaadin1.jar;C:\Users\91959\.m2\repository\org\springframework\spring-core\5.0.4.RELEASE\spring-core-5.0.4.RELEASE.jar;C:\Users\91959\.m2\repository\org\springframework\spring-jcl\5.0.4.RELEASE\spring-jcl-5.0.4.RELEASE.jar;C:\Users\91959\.m2\repository\org\springframework\spring-test\5.0.4.RELEASE\spring-test-5.0.4.RELEASE.jar;C:\Users\91959\.m2\repository\org\xmlunit\xmlunit-core\2.5.1\xmlunit-core-2.5.1.jar;, user.name=91959, java.vm.specification.version=1.8, sun.java.command=C:\Users\91959\AppData\Local\Temp\surefire3444530628189920935\surefirebooter3557737789237799017.jar C:\Users\91959\AppData\Local\Temp\surefire3444530628189920935 2020-09-26T14-47-45_398-jvmRun1 surefire2105141538712870312tmp surefire_05601585560355727972tmp, java.home=C:\Program Files\Java\jdk1.8.0_92\jre, sun.arch.data.model=64, user.language=en, java.specification.vendor=Oracle Corporation, awt.toolkit=sun.awt.windows.WToolkit, java.vm.info=mixed mode, java.version=1.8.0_92, java.ext.dirs=C:\Program Files\Java\jdk1.8.0_92\jre\lib\ext;C:\Windows\Sun\Java\lib\ext, sun.boot.class.path=C:\Program Files\Java\jdk1.8.0_92\jre\lib\resources.jar;C:\Program Files\Java\jdk1.8.0_92\jre\lib\rt.jar;C:\Program Files\Java\jdk1.8.0_92\jre\lib\sunrsasign.jar;C:\Program Files\Java\jdk1.8.0_92\jre\lib\jsse.jar;C:\Program Files\Java\jdk1.8.0_92\jre\lib\jce.jar;C:\Program Files\Java\jdk1.8.0_92\jre\lib\charsets.jar;C:\Program Files\Java\jdk1.8.0_92\jre\lib\jfr.jar;C:\Program Files\Java\jdk1.8.0_92\jre\classes, java.vendor=Oracle Corporation, localRepository=C:\Users\91959\.m2\repository, file.separator=\, java.vendor.url.bug=http://bugreport.sun.com/bugreport/, sun.io.unicode.encoding=UnicodeLittle, sun.cpu.endian=little, sun.desktop=windows, sun.cpu.isalist=amd64}}, SystemEnvironmentPropertySource@254749889 {name='systemEnvironment', properties={PATH=C:/Program Files/Java/jre1.8.0_92/bin/server;C:/Program Files/Java/jre1.8.0_92/bin;C:/Program Files/Java/jre1.8.0_92/lib/amd64;C:\ProgramData\Oracle\Java\javapath;C:\Windows\system32;C:\Windows;C:\Windows\System32\Wbem;C:\Windows\System32\WindowsPowerShell\v1.0\;C:\Windows\System32\OpenSSH\;C:\Program Files (x86)\Microsoft VS Code\bin;C:\Program Files\nodejs\;C:\Program Files\Git\cmd;C:\Users\91959\AppData\Local\Microsoft\WindowsApps;;C:\Program Files (x86)\Microsoft VS Code\bin;C:\Users\91959\AppData\Roaming\npm;E:\Java Soft\EDITORs\eclipse-jee-neon-3-win32-x86_64\eclipse;, USERDOMAIN_ROAMINGPROFILE=DESKTOP-AEQ4NU7, LOCALAPPDATA=C:\Users\91959\AppData\Local, PROCESSOR_LEVEL=6, SYSTEMDRIVE=C:, COMMONPROGRAMFILES(X86)=C:\Program Files (x86)\Common Files, USERDOMAIN=DESKTOP-AEQ4NU7, FPS_BROWSER_APP_PROFILE_STRING=Internet Explorer, LOGONSERVER=\\DESKTOP-AEQ4NU7, PROMPT=$P$G, SESSIONNAME=Console, ALLUSERSPROFILE=C:\ProgramData, PROGRAMFILES(X86)=C:\Program Files (x86), PROCESSOR_ARCHITECTURE=AMD64, DRIVERDATA=C:\Windows\System32\Drivers\DriverData, =G:=G:\Microservices-workspace-2019\microservices-in28mnt-by-shail\currency-conversion-service, PROGRAMFILES=C:\Program Files, =C:=C:\, APPDATA=C:\Users\91959\AppData\Roaming, MOZ_PLUGIN_PATH=C:\Program Files (x86)\Foxit Software\Foxit Reader\plugins\, PSMODULEPATH=C:\Program Files\WindowsPowerShell\Modules;C:\Windows\system32\WindowsPowerShell\v1.0\Modules, PROGRAMW6432=C:\Program Files, PROGRAMDATA=C:\ProgramData, SYSTEMROOT=C:\Windows, USERNAME=91959, FPS_BROWSER_USER_PROFILE_STRING=Default, ONEDRIVE=C:\Users\91959\OneDrive, PATHEXT=.COM;.EXE;.BAT;.CMD;.VBS;.VBE;.JS;.JSE;.WSF;.WSH;.MSC, OS=Windows_NT, COMMONPROGRAMW6432=C:\Program Files\Common Files, COMPUTERNAME=DESKTOP-AEQ4NU7, ONEDRIVECONSUMER=C:\Users\91959\OneDrive, COMMONPROGRAMFILES=C:\Program Files\Common Files, COMSPEC=C:\Windows\system32\cmd.exe, PROCESSOR_REVISION=2505, WINDIR=C:\Windows, HOMEPATH=\Users\91959, TEMP=C:\Users\91959\AppData\Local\Temp, ESET_OPTIONS=                                                                                                                                                                                                                                                                                                                                                                                                                                                                                                                               , HOMEDRIVE=C:, PROCESSOR_IDENTIFIER=Intel64 Family 6 Model 37 Stepping 5, GenuineIntel, USERPROFILE=C:\Users\91959, TMP=C:\Users\91959\AppData\Local\Temp, PUBLIC=C:\Users\Public, NUMBER_OF_PROCESSORS=4, =::=::\}}]
14:47:49.400 [main] DEBUG org.springframework.core.io.support.PathMatchingResourcePatternResolver - Resolved classpath location [com/in28minutes/microservices/currencyconversionservice/] to resources [URL [file:/G:/Microservices-workspace-2019/microservices-in28mnt-by-shail/currency-conversion-service/target/test-classes/com/in28minutes/microservices/currencyconversionservice/], URL [file:/G:/Microservices-workspace-2019/microservices-in28mnt-by-shail/currency-conversion-service/target/classes/com/in28minutes/microservices/currencyconversionservice/]]
14:47:49.403 [main] DEBUG org.springframework.core.io.support.PathMatchingResourcePatternResolver - Looking for matching resources in directory tree [G:\Microservices-workspace-2019\microservices-in28mnt-by-shail\currency-conversion-service\target\test-classes\com\in28minutes\microservices\currencyconversionservice]
14:47:49.405 [main] DEBUG org.springframework.core.io.support.PathMatchingResourcePatternResolver - Searching directory [G:\Microservices-workspace-2019\microservices-in28mnt-by-shail\currency-conversion-service\target\test-classes\com\in28minutes\microservices\currencyconversionservice] for files matching pattern [G:/Microservices-workspace-2019/microservices-in28mnt-by-shail/currency-conversion-service/target/test-classes/com/in28minutes/microservices/currencyconversionservice/*.class]
14:47:49.416 [main] DEBUG org.springframework.core.io.support.PathMatchingResourcePatternResolver - Looking for matching resources in directory tree [G:\Microservices-workspace-2019\microservices-in28mnt-by-shail\currency-conversion-service\target\classes\com\in28minutes\microservices\currencyconversionservice]
14:47:49.417 [main] DEBUG org.springframework.core.io.support.PathMatchingResourcePatternResolver - Searching directory [G:\Microservices-workspace-2019\microservices-in28mnt-by-shail\currency-conversion-service\target\classes\com\in28minutes\microservices\currencyconversionservice] for files matching pattern [G:/Microservices-workspace-2019/microservices-in28mnt-by-shail/currency-conversion-service/target/classes/com/in28minutes/microservices/currencyconversionservice/*.class]
14:47:49.422 [main] DEBUG org.springframework.core.io.support.PathMatchingResourcePatternResolver - Resolved location pattern [classpath*:com/in28minutes/microservices/currencyconversionservice/*.class] to resources [file [G:\Microservices-workspace-2019\microservices-in28mnt-by-shail\currency-conversion-service\target\test-classes\com\in28minutes\microservices\currencyconversionservice\CurrencyConversionServiceApplicationTests.class], file [G:\Microservices-workspace-2019\microservices-in28mnt-by-shail\currency-conversion-service\target\classes\com\in28minutes\microservices\currencyconversionservice\CurrencyConversionBean.class], file [G:\Microservices-workspace-2019\microservices-in28mnt-by-shail\currency-conversion-service\target\classes\com\in28minutes\microservices\currencyconversionservice\CurrencyConversionController.class], file [G:\Microservices-workspace-2019\microservices-in28mnt-by-shail\currency-conversion-service\target\classes\com\in28minutes\microservices\currencyconversionservice\CurrencyConversionServiceApplication.class], file [G:\Microservices-workspace-2019\microservices-in28mnt-by-shail\currency-conversion-service\target\classes\com\in28minutes\microservices\currencyconversionservice\CurrencyExchangeServiceProxy.class]]
14:47:49.610 [main] DEBUG org.springframework.core.io.support.PathMatchingResourcePatternResolver - Resolved classpath location [com/in28minutes/microservices/] to resources [URL [file:/G:/Microservices-workspace-2019/microservices-in28mnt-by-shail/currency-conversion-service/target/test-classes/com/in28minutes/microservices/], URL [file:/G:/Microservices-workspace-2019/microservices-in28mnt-by-shail/currency-conversion-service/target/classes/com/in28minutes/microservices/]]
14:47:49.611 [main] DEBUG org.springframework.core.io.support.PathMatchingResourcePatternResolver - Looking for matching resources in directory tree [G:\Microservices-workspace-2019\microservices-in28mnt-by-shail\currency-conversion-service\target\test-classes\com\in28minutes\microservices]
14:47:49.613 [main] DEBUG org.springframework.core.io.support.PathMatchingResourcePatternResolver - Searching directory [G:\Microservices-workspace-2019\microservices-in28mnt-by-shail\currency-conversion-service\target\test-classes\com\in28minutes\microservices] for files matching pattern [G:/Microservices-workspace-2019/microservices-in28mnt-by-shail/currency-conversion-service/target/test-classes/com/in28minutes/microservices/*.class]
14:47:49.616 [main] DEBUG org.springframework.core.io.support.PathMatchingResourcePatternResolver - Looking for matching resources in directory tree [G:\Microservices-workspace-2019\microservices-in28mnt-by-shail\currency-conversion-service\target\classes\com\in28minutes\microservices]
14:47:49.617 [main] DEBUG org.springframework.core.io.support.PathMatchingResourcePatternResolver - Searching directory [G:\Microservices-workspace-2019\microservices-in28mnt-by-shail\currency-conversion-service\target\classes\com\in28minutes\microservices] for files matching pattern [G:/Microservices-workspace-2019/microservices-in28mnt-by-shail/currency-conversion-service/target/classes/com/in28minutes/microservices/*.class]
14:47:49.620 [main] DEBUG org.springframework.core.io.support.PathMatchingResourcePatternResolver - Resolved location pattern [classpath*:com/in28minutes/microservices/*.class] to resources []
14:47:49.623 [main] DEBUG org.springframework.core.io.support.PathMatchingResourcePatternResolver - Resolved classpath location [com/in28minutes/] to resources [URL [file:/G:/Microservices-workspace-2019/microservices-in28mnt-by-shail/currency-conversion-service/target/test-classes/com/in28minutes/], URL [file:/G:/Microservices-workspace-2019/microservices-in28mnt-by-shail/currency-conversion-service/target/classes/com/in28minutes/]]
14:47:49.628 [main] DEBUG org.springframework.core.io.support.PathMatchingResourcePatternResolver - Looking for matching resources in directory tree [G:\Microservices-workspace-2019\microservices-in28mnt-by-shail\currency-conversion-service\target\test-classes\com\in28minutes]
14:47:49.630 [main] DEBUG org.springframework.core.io.support.PathMatchingResourcePatternResolver - Searching directory [G:\Microservices-workspace-2019\microservices-in28mnt-by-shail\currency-conversion-service\target\test-classes\com\in28minutes] for files matching pattern [G:/Microservices-workspace-2019/microservices-in28mnt-by-shail/currency-conversion-service/target/test-classes/com/in28minutes/*.class]
14:47:49.632 [main] DEBUG org.springframework.core.io.support.PathMatchingResourcePatternResolver - Looking for matching resources in directory tree [G:\Microservices-workspace-2019\microservices-in28mnt-by-shail\currency-conversion-service\target\classes\com\in28minutes]
14:47:49.632 [main] DEBUG org.springframework.core.io.support.PathMatchingResourcePatternResolver - Searching directory [G:\Microservices-workspace-2019\microservices-in28mnt-by-shail\currency-conversion-service\target\classes\com\in28minutes] for files matching pattern [G:/Microservices-workspace-2019/microservices-in28mnt-by-shail/currency-conversion-service/target/classes/com/in28minutes/*.class]
14:47:49.633 [main] DEBUG org.springframework.core.io.support.PathMatchingResourcePatternResolver - Resolved location pattern [classpath*:com/in28minutes/*.class] to resources []
14:47:49.641 [main] DEBUG org.springframework.core.io.support.PathMatchingResourcePatternResolver - Resolved classpath location [com/] to resources [URL [file:/G:/Microservices-workspace-2019/microservices-in28mnt-by-shail/currency-conversion-service/target/test-classes/com/], URL [file:/G:/Microservices-workspace-2019/microservices-in28mnt-by-shail/currency-conversion-service/target/classes/com/], URL [jar:file:/C:/Users/91959/.m2/repository/com/fasterxml/jackson/core/jackson-databind/2.9.3/jackson-databind-2.9.3.jar!/com/], URL [jar:file:/C:/Users/91959/.m2/repository/com/fasterxml/jackson/core/jackson-core/2.9.3/jackson-core-2.9.3.jar!/com/], URL [jar:file:/C:/Users/91959/.m2/repository/com/netflix/archaius/archaius-core/0.7.5/archaius-core-0.7.5.jar!/com/], URL [jar:file:/C:/Users/91959/.m2/repository/com/netflix/hystrix/hystrix-core/1.5.12/hystrix-core-1.5.12.jar!/com/], URL [jar:file:/C:/Users/91959/.m2/repository/com/google/guava/guava/18.0/guava-18.0.jar!/com/], URL [jar:file:/C:/Users/91959/.m2/repository/com/rabbitmq/amqp-client/5.1.2/amqp-client-5.1.2.jar!/com/], URL [jar:file:/C:/Users/91959/.m2/repository/com/rabbitmq/http-client/1.3.1.RELEASE/http-client-1.3.1.RELEASE.jar!/com/], URL [jar:file:/C:/Users/91959/.m2/repository/com/esotericsoftware/kryo-shaded/3.0.3/kryo-shaded-3.0.3.jar!/com/], URL [jar:file:/C:/Users/91959/.m2/repository/com/esotericsoftware/minlog/1.3.0/minlog-1.3.0.jar!/com/], URL [jar:file:/C:/Users/91959/.m2/repository/com/netflix/eureka/eureka-client/1.8.6/eureka-client-1.8.6.jar!/com/], URL [jar:file:/C:/Users/91959/.m2/repository/com/netflix/netflix-commons/netflix-eventbus/0.3.0/netflix-eventbus-0.3.0.jar!/com/], URL [jar:file:/C:/Users/91959/.m2/repository/com/netflix/netflix-commons/netflix-infix/0.3.0/netflix-infix-0.3.0.jar!/com/], URL [jar:file:/C:/Users/91959/.m2/repository/com/google/code/gson/gson/2.8.2/gson-2.8.2.jar!/com/], URL [jar:file:/C:/Users/91959/.m2/repository/com/netflix/servo/servo-core/0.10.1/servo-core-0.10.1.jar!/com/], URL [jar:file:/C:/Users/91959/.m2/repository/com/netflix/servo/servo-internal/0.10.1/servo-internal-0.10.1.jar!/com/], URL [jar:file:/C:/Users/91959/.m2/repository/com/sun/jersey/jersey-core/1.19.1/jersey-core-1.19.1.jar!/com/], URL [jar:file:/C:/Users/91959/.m2/repository/com/sun/jersey/jersey-client/1.19.1/jersey-client-1.19.1.jar!/com/], URL [jar:file:/C:/Users/91959/.m2/repository/com/sun/jersey/contribs/jersey-apache-client4/1.19.1/jersey-apache-client4-1.19.1.jar!/com/], URL [jar:file:/C:/Users/91959/.m2/repository/com/google/inject/guice/4.1.0/guice-4.1.0.jar!/com/], URL [jar:file:/C:/Users/91959/.m2/repository/com/github/andrewoma/dexx/dexx-collections/0.2/dexx-collections-0.2.jar!/com/], URL [jar:file:/C:/Users/91959/.m2/repository/com/netflix/eureka/eureka-core/1.8.6/eureka-core-1.8.6.jar!/com/], URL [jar:file:/C:/Users/91959/.m2/repository/org/codehaus/woodstox/woodstox-core-asl/4.4.1/woodstox-core-asl-4.4.1.jar!/com/], URL [jar:file:/C:/Users/91959/.m2/repository/com/netflix/ribbon/ribbon-eureka/2.2.4/ribbon-eureka-2.2.4.jar!/com/], URL [jar:file:/C:/Users/91959/.m2/repository/com/thoughtworks/xstream/xstream/1.4.9/xstream-1.4.9.jar!/com/], URL [jar:file:/C:/Users/91959/.m2/repository/com/netflix/ribbon/ribbon/2.2.4/ribbon-2.2.4.jar!/com/], URL [jar:file:/C:/Users/91959/.m2/repository/com/netflix/ribbon/ribbon-transport/2.2.4/ribbon-transport-2.2.4.jar!/com/], URL [jar:file:/C:/Users/91959/.m2/repository/io/reactivex/rxnetty-contexts/0.4.9/rxnetty-contexts-0.4.9.jar!/com/], URL [jar:file:/C:/Users/91959/.m2/repository/com/netflix/ribbon/ribbon-core/2.2.4/ribbon-core-2.2.4.jar!/com/], URL [jar:file:/C:/Users/91959/.m2/repository/com/netflix/ribbon/ribbon-httpclient/2.2.4/ribbon-httpclient-2.2.4.jar!/com/], URL [jar:file:/C:/Users/91959/.m2/repository/com/netflix/netflix-commons/netflix-commons-util/0.1.1/netflix-commons-util-0.1.1.jar!/com/], URL [jar:file:/C:/Users/91959/.m2/repository/com/netflix/ribbon/ribbon-loadbalancer/2.2.4/ribbon-loadbalancer-2.2.4.jar!/com/], URL [jar:file:/C:/Users/91959/.m2/repository/com/netflix/netflix-commons/netflix-statistics/0.1.1/netflix-statistics-0.1.1.jar!/com/], URL [jar:file:/C:/Users/91959/.m2/repository/com/fasterxml/jackson/datatype/jackson-datatype-jdk8/2.9.3/jackson-datatype-jdk8-2.9.3.jar!/com/], URL [jar:file:/C:/Users/91959/.m2/repository/com/fasterxml/jackson/datatype/jackson-datatype-jsr310/2.9.3/jackson-datatype-jsr310-2.9.3.jar!/com/], URL [jar:file:/C:/Users/91959/.m2/repository/com/fasterxml/jackson/module/jackson-module-parameter-names/2.9.3/jackson-module-parameter-names-2.9.3.jar!/com/], URL [jar:file:/C:/Users/91959/.m2/repository/com/fasterxml/classmate/1.3.4/classmate-1.3.4.jar!/com/], URL [jar:file:/C:/Users/91959/.m2/repository/com/jayway/jsonpath/json-path/2.4.0/json-path-2.4.0.jar!/com/]]
14:47:49.644 [main] DEBUG org.springframework.core.io.support.PathMatchingResourcePatternResolver - Looking for matching resources in directory tree [G:\Microservices-workspace-2019\microservices-in28mnt-by-shail\currency-conversion-service\target\test-classes\com]
14:47:49.645 [main] DEBUG org.springframework.core.io.support.PathMatchingResourcePatternResolver - Searching directory [G:\Microservices-workspace-2019\microservices-in28mnt-by-shail\currency-conversion-service\target\test-classes\com] for files matching pattern [G:/Microservices-workspace-2019/microservices-in28mnt-by-shail/currency-conversion-service/target/test-classes/com/*.class]
14:47:49.646 [main] DEBUG org.springframework.core.io.support.PathMatchingResourcePatternResolver - Looking for matching resources in directory tree [G:\Microservices-workspace-2019\microservices-in28mnt-by-shail\currency-conversion-service\target\classes\com]
14:47:49.647 [main] DEBUG org.springframework.core.io.support.PathMatchingResourcePatternResolver - Searching directory [G:\Microservices-workspace-2019\microservices-in28mnt-by-shail\currency-conversion-service\target\classes\com] for files matching pattern [G:/Microservices-workspace-2019/microservices-in28mnt-by-shail/currency-conversion-service/target/classes/com/*.class]
14:47:49.651 [main] DEBUG org.springframework.core.io.support.PathMatchingResourcePatternResolver - Looking for matching resources in jar file [file:/C:/Users/91959/.m2/repository/com/fasterxml/jackson/core/jackson-databind/2.9.3/jackson-databind-2.9.3.jar]
14:47:49.677 [main] DEBUG org.springframework.core.io.support.PathMatchingResourcePatternResolver - Looking for matching resources in jar file [file:/C:/Users/91959/.m2/repository/com/fasterxml/jackson/core/jackson-core/2.9.3/jackson-core-2.9.3.jar]
14:47:49.681 [main] DEBUG org.springframework.core.io.support.PathMatchingResourcePatternResolver - Looking for matching resources in jar file [file:/C:/Users/91959/.m2/repository/com/netflix/archaius/archaius-core/0.7.5/archaius-core-0.7.5.jar]
14:47:49.686 [main] DEBUG org.springframework.core.io.support.PathMatchingResourcePatternResolver - Looking for matching resources in jar file [file:/C:/Users/91959/.m2/repository/com/netflix/hystrix/hystrix-core/1.5.12/hystrix-core-1.5.12.jar]
14:47:49.705 [main] DEBUG org.springframework.core.io.support.PathMatchingResourcePatternResolver - Looking for matching resources in jar file [file:/C:/Users/91959/.m2/repository/com/google/guava/guava/18.0/guava-18.0.jar]
14:47:49.726 [main] DEBUG org.springframework.core.io.support.PathMatchingResourcePatternResolver - Looking for matching resources in jar file [file:/C:/Users/91959/.m2/repository/com/rabbitmq/amqp-client/5.1.2/amqp-client-5.1.2.jar]
14:47:49.733 [main] DEBUG org.springframework.core.io.support.PathMatchingResourcePatternResolver - Looking for matching resources in jar file [file:/C:/Users/91959/.m2/repository/com/rabbitmq/http-client/1.3.1.RELEASE/http-client-1.3.1.RELEASE.jar]
14:47:49.735 [main] DEBUG org.springframework.core.io.support.PathMatchingResourcePatternResolver - Looking for matching resources in jar file [file:/C:/Users/91959/.m2/repository/com/esotericsoftware/kryo-shaded/3.0.3/kryo-shaded-3.0.3.jar]
14:47:49.741 [main] DEBUG org.springframework.core.io.support.PathMatchingResourcePatternResolver - Looking for matching resources in jar file [file:/C:/Users/91959/.m2/repository/com/esotericsoftware/minlog/1.3.0/minlog-1.3.0.jar]
14:47:49.743 [main] DEBUG org.springframework.core.io.support.PathMatchingResourcePatternResolver - Looking for matching resources in jar file [file:/C:/Users/91959/.m2/repository/com/netflix/eureka/eureka-client/1.8.6/eureka-client-1.8.6.jar]
14:47:49.748 [main] DEBUG org.springframework.core.io.support.PathMatchingResourcePatternResolver - Looking for matching resources in jar file [file:/C:/Users/91959/.m2/repository/com/netflix/netflix-commons/netflix-eventbus/0.3.0/netflix-eventbus-0.3.0.jar]
14:47:49.750 [main] DEBUG org.springframework.core.io.support.PathMatchingResourcePatternResolver - Looking for matching resources in jar file [file:/C:/Users/91959/.m2/repository/com/netflix/netflix-commons/netflix-infix/0.3.0/netflix-infix-0.3.0.jar]
14:47:49.755 [main] DEBUG org.springframework.core.io.support.PathMatchingResourcePatternResolver - Looking for matching resources in jar file [file:/C:/Users/91959/.m2/repository/com/google/code/gson/gson/2.8.2/gson-2.8.2.jar]
14:47:49.761 [main] DEBUG org.springframework.core.io.support.PathMatchingResourcePatternResolver - Looking for matching resources in jar file [file:/C:/Users/91959/.m2/repository/com/netflix/servo/servo-core/0.10.1/servo-core-0.10.1.jar]
14:47:49.765 [main] DEBUG org.springframework.core.io.support.PathMatchingResourcePatternResolver - Looking for matching resources in jar file [file:/C:/Users/91959/.m2/repository/com/netflix/servo/servo-internal/0.10.1/servo-internal-0.10.1.jar]
14:47:49.769 [main] DEBUG org.springframework.core.io.support.PathMatchingResourcePatternResolver - Looking for matching resources in jar file [file:/C:/Users/91959/.m2/repository/com/sun/jersey/jersey-core/1.19.1/jersey-core-1.19.1.jar]
14:47:49.774 [main] DEBUG org.springframework.core.io.support.PathMatchingResourcePatternResolver - Looking for matching resources in jar file [file:/C:/Users/91959/.m2/repository/com/sun/jersey/jersey-client/1.19.1/jersey-client-1.19.1.jar]
14:47:49.778 [main] DEBUG org.springframework.core.io.support.PathMatchingResourcePatternResolver - Looking for matching resources in jar file [file:/C:/Users/91959/.m2/repository/com/sun/jersey/contribs/jersey-apache-client4/1.19.1/jersey-apache-client4-1.19.1.jar]
14:47:49.780 [main] DEBUG org.springframework.core.io.support.PathMatchingResourcePatternResolver - Looking for matching resources in jar file [file:/C:/Users/91959/.m2/repository/com/google/inject/guice/4.1.0/guice-4.1.0.jar]
14:47:49.786 [main] DEBUG org.springframework.core.io.support.PathMatchingResourcePatternResolver - Looking for matching resources in jar file [file:/C:/Users/91959/.m2/repository/com/github/andrewoma/dexx/dexx-collections/0.2/dexx-collections-0.2.jar]
14:47:49.792 [main] DEBUG org.springframework.core.io.support.PathMatchingResourcePatternResolver - Looking for matching resources in jar file [file:/C:/Users/91959/.m2/repository/com/netflix/eureka/eureka-core/1.8.6/eureka-core-1.8.6.jar]
14:47:49.795 [main] DEBUG org.springframework.core.io.support.PathMatchingResourcePatternResolver - Looking for matching resources in jar file [file:/C:/Users/91959/.m2/repository/org/codehaus/woodstox/woodstox-core-asl/4.4.1/woodstox-core-asl-4.4.1.jar]
14:47:49.799 [main] DEBUG org.springframework.core.io.support.PathMatchingResourcePatternResolver - Looking for matching resources in jar file [file:/C:/Users/91959/.m2/repository/com/netflix/ribbon/ribbon-eureka/2.2.4/ribbon-eureka-2.2.4.jar]
14:47:49.803 [main] DEBUG org.springframework.core.io.support.PathMatchingResourcePatternResolver - Looking for matching resources in jar file [file:/C:/Users/91959/.m2/repository/com/thoughtworks/xstream/xstream/1.4.9/xstream-1.4.9.jar]
14:47:49.810 [main] DEBUG org.springframework.core.io.support.PathMatchingResourcePatternResolver - Looking for matching resources in jar file [file:/C:/Users/91959/.m2/repository/com/netflix/ribbon/ribbon/2.2.4/ribbon-2.2.4.jar]
14:47:49.813 [main] DEBUG org.springframework.core.io.support.PathMatchingResourcePatternResolver - Looking for matching resources in jar file [file:/C:/Users/91959/.m2/repository/com/netflix/ribbon/ribbon-transport/2.2.4/ribbon-transport-2.2.4.jar]
14:47:49.818 [main] DEBUG org.springframework.core.io.support.PathMatchingResourcePatternResolver - Looking for matching resources in jar file [file:/C:/Users/91959/.m2/repository/io/reactivex/rxnetty-contexts/0.4.9/rxnetty-contexts-0.4.9.jar]
14:47:49.821 [main] DEBUG org.springframework.core.io.support.PathMatchingResourcePatternResolver - Looking for matching resources in jar file [file:/C:/Users/91959/.m2/repository/com/netflix/ribbon/ribbon-core/2.2.4/ribbon-core-2.2.4.jar]
14:47:49.826 [main] DEBUG org.springframework.core.io.support.PathMatchingResourcePatternResolver - Looking for matching resources in jar file [file:/C:/Users/91959/.m2/repository/com/netflix/ribbon/ribbon-httpclient/2.2.4/ribbon-httpclient-2.2.4.jar]
14:47:49.830 [main] DEBUG org.springframework.core.io.support.PathMatchingResourcePatternResolver - Looking for matching resources in jar file [file:/C:/Users/91959/.m2/repository/com/netflix/netflix-commons/netflix-commons-util/0.1.1/netflix-commons-util-0.1.1.jar]
14:47:49.833 [main] DEBUG org.springframework.core.io.support.PathMatchingResourcePatternResolver - Looking for matching resources in jar file [file:/C:/Users/91959/.m2/repository/com/netflix/ribbon/ribbon-loadbalancer/2.2.4/ribbon-loadbalancer-2.2.4.jar]
14:47:49.837 [main] DEBUG org.springframework.core.io.support.PathMatchingResourcePatternResolver - Looking for matching resources in jar file [file:/C:/Users/91959/.m2/repository/com/netflix/netflix-commons/netflix-statistics/0.1.1/netflix-statistics-0.1.1.jar]
14:47:49.839 [main] DEBUG org.springframework.core.io.support.PathMatchingResourcePatternResolver - Looking for matching resources in jar file [file:/C:/Users/91959/.m2/repository/com/fasterxml/jackson/datatype/jackson-datatype-jdk8/2.9.3/jackson-datatype-jdk8-2.9.3.jar]
14:47:49.841 [main] DEBUG org.springframework.core.io.support.PathMatchingResourcePatternResolver - Looking for matching resources in jar file [file:/C:/Users/91959/.m2/repository/com/fasterxml/jackson/datatype/jackson-datatype-jsr310/2.9.3/jackson-datatype-jsr310-2.9.3.jar]
14:47:49.843 [main] DEBUG org.springframework.core.io.support.PathMatchingResourcePatternResolver - Looking for matching resources in jar file [file:/C:/Users/91959/.m2/repository/com/fasterxml/jackson/module/jackson-module-parameter-names/2.9.3/jackson-module-parameter-names-2.9.3.jar]
14:47:49.844 [main] DEBUG org.springframework.core.io.support.PathMatchingResourcePatternResolver - Looking for matching resources in jar file [file:/C:/Users/91959/.m2/repository/com/fasterxml/classmate/1.3.4/classmate-1.3.4.jar]
14:47:49.846 [main] DEBUG org.springframework.core.io.support.PathMatchingResourcePatternResolver - Looking for matching resources in jar file [file:/C:/Users/91959/.m2/repository/com/jayway/jsonpath/json-path/2.4.0/json-path-2.4.0.jar]
14:47:49.850 [main] DEBUG org.springframework.core.io.support.PathMatchingResourcePatternResolver - Resolved location pattern [classpath*:com/*.class] to resources []
]]></system-out>
  </testcase>
</testsuite>